# JRE version: 7.0_13-b20
# Java VM: Java HotSpot(TM) 64-Bit Server VM (23.7-b01 mixed mode windows-amd64 compressed oops)
Heap
 PSYoungGen      total 304576K, used 101201K [0x00000000eaab0000, 0x0000000100000000, 0x0000000100000000)
  eden space 284352K, 28% used [0x00000000eaab0000,0x00000000ef9c47a8,0x00000000fc060000)
  from space 20224K, 99% used [0x00000000fc060000,0x00000000fd41ffa0,0x00000000fd420000)
  to   space 32896K, 0% used [0x00000000fdfe0000,0x00000000fdfe0000,0x0000000100000000)
 ParOldGen       total 86464K, used 54209K [0x00000000c0000000, 0x00000000c5470000, 0x00000000eaab0000)
  object space 86464K, 62% used [0x00000000c0000000,0x00000000c34f04f0,0x00000000c5470000)
 PSPermGen       total 90368K, used 46238K [0x00000000b0000000, 0x00000000b5840000, 0x00000000c0000000)
  object space 90368K, 51% used [0x00000000b0000000,0x00000000b2d279c0,0x00000000b5840000)
GC Heap History (10 events):
Event: 30.292 GC heap before
{Heap before GC invocations=6 (full 0):
 PSYoungGen      total 135168K, used 135144K [0x00000000eaab0000, 0x00000000fc450000, 0x0000000100000000)
  eden space 129792K, 100% used [0x00000000eaab0000,0x00000000f2970000,0x00000000f2970000)
  from space 5376K, 99% used [0x00000000f2970000,0x00000000f2eaa020,0x00000000f2eb0000)
  to   space 14400K, 0% used [0x00000000fb640000,0x00000000fb640000,0x00000000fc450000)
 ParOldGen       total 86464K, used 15581K [0x00000000c0000000, 0x00000000c5470000, 0x00000000eaab0000)
  object space 86464K, 18% used [0x00000000c0000000,0x00000000c0f37760,0x00000000c5470000)
 PSPermGen       total 33152K, used 33009K [0x00000000b0000000, 0x00000000b2060000, 0x00000000c0000000)
  object space 33152K, 99% used [0x00000000b0000000,0x00000000b203c688,0x00000000b2060000)
Event: 30.316 GC heap after
Heap after GC invocations=6 (full 0):
 PSYoungGen      total 270592K, used 14394K [0x00000000eaab0000, 0x00000000fcaf0000, 0x0000000100000000)
  eden space 256192K, 0% used [0x00000000eaab0000,0x00000000eaab0000,0x00000000fa4e0000)
  from space 14400K, 99% used [0x00000000fb640000,0x00000000fc44e908,0x00000000fc450000)
  to   space 17792K, 0% used [0x00000000fa4e0000,0x00000000fa4e0000,0x00000000fb640000)
 ParOldGen       total 86464K, used 17220K [0x00000000c0000000, 0x00000000c5470000, 0x00000000eaab0000)
  object space 86464K, 19% used [0x00000000c0000000,0x00000000c10d1028,0x00000000c5470000)
 PSPermGen       total 33152K, used 33009K [0x00000000b0000000, 0x00000000b2060000, 0x00000000c0000000)
  object space 33152K, 99% used [0x00000000b0000000,0x00000000b203c688,0x00000000b2060000)
}
Event: 40.398 GC heap before
{Heap before GC invocations=7 (full 0):
 PSYoungGen      total 270592K, used 270586K [0x00000000eaab0000, 0x00000000fcaf0000, 0x0000000100000000)
  eden space 256192K, 100% used [0x00000000eaab0000,0x00000000fa4e0000,0x00000000fa4e0000)
  from space 14400K, 99% used [0x00000000fb640000,0x00000000fc44e908,0x00000000fc450000)
  to   space 17792K, 0% used [0x00000000fa4e0000,0x00000000fa4e0000,0x00000000fb640000)
 ParOldGen       total 86464K, used 17220K [0x00000000c0000000, 0x00000000c5470000, 0x00000000eaab0000)
  object space 86464K, 19% used [0x00000000c0000000,0x00000000c10d1028,0x00000000c5470000)
 PSPermGen       total 43712K, used 43612K [0x00000000b0000000, 0x00000000b2ab0000, 0x00000000c0000000)
  object space 43712K, 99% used [0x00000000b0000000,0x00000000b2a970d8,0x00000000b2ab0000)
Event: 40.457 GC heap after
Heap after GC invocations=7 (full 0):
 PSYoungGen      total 273984K, used 17764K [0x00000000eaab0000, 0x0000000100000000, 0x0000000100000000)
  eden space 256192K, 0% used [0x00000000eaab0000,0x00000000eaab0000,0x00000000fa4e0000)
  from space 17792K, 99% used [0x00000000fa4e0000,0x00000000fb639330,0x00000000fb640000)
  to   space 31552K, 0% used [0x00000000fe130000,0x00000000fe130000,0x0000000100000000)
 ParOldGen       total 86464K, used 38797K [0x00000000c0000000, 0x00000000c5470000, 0x00000000eaab0000)
  object space 86464K, 44% used [0x00000000c0000000,0x00000000c25e3728,0x00000000c5470000)
 PSPermGen       total 43712K, used 43612K [0x00000000b0000000, 0x00000000b2ab0000, 0x00000000c0000000)
  object space 43712K, 99% used [0x00000000b0000000,0x00000000b2a970d8,0x00000000b2ab0000)
}
Event: 42.404 GC heap before
{Heap before GC invocations=8 (full 0):
 PSYoungGen      total 273984K, used 80032K [0x00000000eaab0000, 0x0000000100000000, 0x0000000100000000)
  eden space 256192K, 24% used [0x00000000eaab0000,0x00000000ee77efc0,0x00000000fa4e0000)
  from space 17792K, 99% used [0x00000000fa4e0000,0x00000000fb639330,0x00000000fb640000)
  to   space 31552K, 0% used [0x00000000fe130000,0x00000000fe130000,0x0000000100000000)
 ParOldGen       total 86464K, used 38797K [0x00000000c0000000, 0x00000000c5470000, 0x00000000eaab0000)
  object space 86464K, 44% used [0x00000000c0000000,0x00000000c25e3728,0x00000000c5470000)
 PSPermGen       total 45248K, used 45065K [0x00000000b0000000, 0x00000000b2c30000, 0x00000000c0000000)
  object space 45248K, 99% used [0x00000000b0000000,0x00000000b2c027a8,0x00000000b2c30000)
Event: 42.436 GC heap after
Heap after GC invocations=8 (full 0):
 PSYoungGen      total 315904K, used 20953K [0x00000000eaab0000, 0x0000000100000000, 0x0000000100000000)
  eden space 284352K, 0% used [0x00000000eaab0000,0x00000000eaab0000,0x00000000fc060000)
  from space 31552K, 66% used [0x00000000fe130000,0x00000000ff5a6470,0x0000000100000000)
  to   space 32576K, 0% used [0x00000000fc060000,0x00000000fc060000,0x00000000fe030000)
 ParOldGen       total 86464K, used 40213K [0x00000000c0000000, 0x00000000c5470000, 0x00000000eaab0000)
  object space 86464K, 46% used [0x00000000c0000000,0x00000000c2745728,0x00000000c5470000)
 PSPermGen       total 45248K, used 45065K [0x00000000b0000000, 0x00000000b2c30000, 0x00000000c0000000)
  object space 45248K, 99% used [0x00000000b0000000,0x00000000b2c027a8,0x00000000b2c30000)
}
Event: 42.632 GC heap before
{Heap before GC invocations=9 (full 1):
 PSYoungGen      total 315904K, used 20953K [0x00000000eaab0000, 0x0000000100000000, 0x0000000100000000)
  eden space 284352K, 0% used [0x00000000eaab0000,0x00000000eaab0000,0x00000000fc060000)
  from space 31552K, 66% used [0x00000000fe130000,0x00000000ff5a6470,0x0000000100000000)
  to   space 32576K, 0% used [0x00000000fc060000,0x00000000fc060000,0x00000000fe030000)
 ParOldGen       total 86464K, used 40213K [0x00000000c0000000, 0x00000000c5470000, 0x00000000eaab0000)
  object space 86464K, 46% used [0x00000000c0000000,0x00000000c2745728,0x00000000c5470000)
 PSPermGen       total 45248K, used 45065K [0x00000000b0000000, 0x00000000b2c30000, 0x00000000c0000000)
  object space 45248K, 99% used [0x00000000b0000000,0x00000000b2c027a8,0x00000000b2c30000)
Event: 43.102 GC heap after
Heap after GC invocations=9 (full 1):
 PSYoungGen      total 315904K, used 0K [0x00000000eaab0000, 0x0000000100000000, 0x0000000100000000)
  eden space 284352K, 0% used [0x00000000eaab0000,0x00000000eaab0000,0x00000000fc060000)
  from space 31552K, 0% used [0x00000000fe130000,0x00000000fe130000,0x0000000100000000)
  to   space 32576K, 0% used [0x00000000fc060000,0x00000000fc060000,0x00000000fe030000)
 ParOldGen       total 86464K, used 54209K [0x00000000c0000000, 0x00000000c5470000, 0x00000000eaab0000)
  object space 86464K, 62% used [0x00000000c0000000,0x00000000c34f04f0,0x00000000c5470000)
 PSPermGen       total 90368K, used 45022K [0x00000000b0000000, 0x00000000b5840000, 0x00000000c0000000)
  object space 90368K, 49% used [0x00000000b0000000,0x00000000b2bf79f8,0x00000000b5840000)
}
Event: 65.909 GC heap before
{Heap before GC invocations=10 (full 1):
 PSYoungGen      total 315904K, used 284352K [0x00000000eaab0000, 0x0000000100000000, 0x0000000100000000)
  eden space 284352K, 100% used [0x00000000eaab0000,0x00000000fc060000,0x00000000fc060000)
  from space 31552K, 0% used [0x00000000fe130000,0x00000000fe130000,0x0000000100000000)
  to   space 32576K, 0% used [0x00000000fc060000,0x00000000fc060000,0x00000000fe030000)
 ParOldGen       total 86464K, used 54209K [0x00000000c0000000, 0x00000000c5470000, 0x00000000eaab0000)
  object space 86464K, 62% used [0x00000000c0000000,0x00000000c34f04f0,0x00000000c5470000)
 PSPermGen       total 90368K, used 46127K [0x00000000b0000000, 0x00000000b5840000, 0x00000000c0000000)
  object space 90368K, 51% used [0x00000000b0000000,0x00000000b2d0bd70,0x00000000b5840000)
Event: 66.253 GC heap after
Heap after GC invocations=10 (full 1):
 PSYoungGen      total 304576K, used 20223K [0x00000000eaab0000, 0x0000000100000000, 0x0000000100000000)
  eden space 284352K, 0% used [0x00000000eaab0000,0x00000000eaab0000,0x00000000fc060000)
  from space 20224K, 99% used [0x00000000fc060000,0x00000000fd41ffa0,0x00000000fd420000)
  to   space 32896K, 0% used [0x00000000fdfe0000,0x00000000fdfe0000,0x0000000100000000)
 ParOldGen       total 86464K, used 54209K [0x00000000c0000000, 0x00000000c5470000, 0x00000000eaab0000)
  object space 86464K, 62% used [0x00000000c0000000,0x00000000c34f04f0,0x00000000c5470000)
 PSPermGen       total 90368K, used 46127K [0x00000000b0000000, 0x00000000b5840000, 0x00000000c0000000)
  object space 90368K, 51% used [0x00000000b0000000,0x00000000b2d0bd70,0x00000000b5840000)
}

